[5.555s] Invoking command in '/home/thatguyrick/turtlews/src/moveTurtle': PYTHONPATH=/home/thatguyrick/turtlews/build/moveTurtle/prefix_override:/home/thatguyrick/turtlews/install/moveTurtle/lib/python3.10/site-packages:${PYTHONPATH} /usr/bin/python3 setup.py egg_info --egg-base ../../build/moveTurtle build --build-base /home/thatguyrick/turtlews/build/moveTurtle/build install --record /home/thatguyrick/turtlews/build/moveTurtle/install.log --single-version-externally-managed
[7.267s] running egg_info
[7.269s] creating ../../build/moveTurtle/moveTurtle.egg-info
[7.270s] writing ../../build/moveTurtle/moveTurtle.egg-info/PKG-INFO
[7.271s] writing dependency_links to ../../build/moveTurtle/moveTurtle.egg-info/dependency_links.txt
[7.271s] writing entry points to ../../build/moveTurtle/moveTurtle.egg-info/entry_points.txt
[7.277s] writing requirements to ../../build/moveTurtle/moveTurtle.egg-info/requires.txt
[7.279s] writing top-level names to ../../build/moveTurtle/moveTurtle.egg-info/top_level.txt
[7.281s] writing manifest file '../../build/moveTurtle/moveTurtle.egg-info/SOURCES.txt'
[7.298s] reading manifest file '../../build/moveTurtle/moveTurtle.egg-info/SOURCES.txt'
[7.298s] adding license file 'LICENSE'
[7.300s] writing manifest file '../../build/moveTurtle/moveTurtle.egg-info/SOURCES.txt'
[7.303s] running build
[7.306s] running build_py
[7.308s] creating /home/thatguyrick/turtlews/build/moveTurtle/build
[7.313s] creating /home/thatguyrick/turtlews/build/moveTurtle/build/lib
[7.313s] creating /home/thatguyrick/turtlews/build/moveTurtle/build/lib/moveTurtle
[7.314s] copying moveTurtle/__init__.py -> /home/thatguyrick/turtlews/build/moveTurtle/build/lib/moveTurtle
[7.315s] copying moveTurtle/moveNode.py -> /home/thatguyrick/turtlews/build/moveTurtle/build/lib/moveTurtle
[7.316s] copying moveTurtle/mouseMonitor.py -> /home/thatguyrick/turtlews/build/moveTurtle/build/lib/moveTurtle
[7.326s] running install
[7.359s] running install_lib
[7.359s] creating /home/thatguyrick/turtlews/install/moveTurtle/lib/python3.10/site-packages/moveTurtle
[7.361s] copying /home/thatguyrick/turtlews/build/moveTurtle/build/lib/moveTurtle/__init__.py -> /home/thatguyrick/turtlews/install/moveTurtle/lib/python3.10/site-packages/moveTurtle
[7.361s] copying /home/thatguyrick/turtlews/build/moveTurtle/build/lib/moveTurtle/moveNode.py -> /home/thatguyrick/turtlews/install/moveTurtle/lib/python3.10/site-packages/moveTurtle
[7.363s] copying /home/thatguyrick/turtlews/build/moveTurtle/build/lib/moveTurtle/mouseMonitor.py -> /home/thatguyrick/turtlews/install/moveTurtle/lib/python3.10/site-packages/moveTurtle
[7.363s] byte-compiling /home/thatguyrick/turtlews/install/moveTurtle/lib/python3.10/site-packages/moveTurtle/__init__.py to __init__.cpython-310.pyc
[7.364s] byte-compiling /home/thatguyrick/turtlews/install/moveTurtle/lib/python3.10/site-packages/moveTurtle/moveNode.py to moveNode.cpython-310.pyc
[7.364s] byte-compiling /home/thatguyrick/turtlews/install/moveTurtle/lib/python3.10/site-packages/moveTurtle/mouseMonitor.py to mouseMonitor.cpython-310.pyc
[7.365s] running install_data
[7.367s] creating /home/thatguyrick/turtlews/install/moveTurtle/share/ament_index
[7.368s] creating /home/thatguyrick/turtlews/install/moveTurtle/share/ament_index/resource_index
[7.369s] creating /home/thatguyrick/turtlews/install/moveTurtle/share/ament_index/resource_index/packages
[7.369s] copying resource/moveTurtle -> /home/thatguyrick/turtlews/install/moveTurtle/share/ament_index/resource_index/packages
[7.378s] copying package.xml -> /home/thatguyrick/turtlews/install/moveTurtle/share/moveTurtle
[7.379s] running install_egg_info
[7.385s] Copying ../../build/moveTurtle/moveTurtle.egg-info to /home/thatguyrick/turtlews/install/moveTurtle/lib/python3.10/site-packages/moveTurtle-0.0.0-py3.10.egg-info
[7.398s] running install_scripts
[7.498s] writing list of installed files to '/home/thatguyrick/turtlews/build/moveTurtle/install.log'
[7.619s] Invoked command in '/home/thatguyrick/turtlews/src/moveTurtle' returned '0': PYTHONPATH=/home/thatguyrick/turtlews/build/moveTurtle/prefix_override:/home/thatguyrick/turtlews/install/moveTurtle/lib/python3.10/site-packages:${PYTHONPATH} /usr/bin/python3 setup.py egg_info --egg-base ../../build/moveTurtle build --build-base /home/thatguyrick/turtlews/build/moveTurtle/build install --record /home/thatguyrick/turtlews/build/moveTurtle/install.log --single-version-externally-managed
