[20.592s] DEBUG:colcon:Command line arguments: ['/usr/bin/colcon', 'list', '-p', '--base-paths', '/home/thatguyrick/turtlews']
[20.592s] DEBUG:colcon:Parsed command line arguments: Namespace(log_base=None, log_level=None, verb_name='list', build_base='build', ignore_user_meta=False, metas=['./colcon.meta'], base_paths=['/home/thatguyrick/turtlews'], packages_ignore=None, packages_ignore_regex=None, paths=None, packages_up_to=None, packages_up_to_regex=None, packages_above=None, packages_above_and_dependencies=None, packages_above_depth=None, packages_select_by_dep=None, packages_skip_by_dep=None, packages_skip_up_to=None, packages_select_build_failed=False, packages_skip_build_finished=False, packages_select_test_failures=False, packages_skip_test_passed=False, packages_select=None, packages_skip=None, packages_select_regex=None, packages_skip_regex=None, packages_start=None, packages_end=None, allow_overriding=[], topological_order=False, names_only=False, paths_only=True, topological_graph=False, topological_graph_dot=False, topological_graph_density=False, topological_graph_legend=False, topological_graph_dot_cluster=False, topological_graph_dot_include_skipped=False, verb_parser=<colcon_defaults.argument_parser.defaults.DefaultArgumentsDecorator object at 0x7a8ae19e96c0>, verb_extension=<colcon_package_information.verb.list.ListVerb object at 0x7a8ae1983460>, main=<bound method ListVerb.main of <colcon_package_information.verb.list.ListVerb object at 0x7a8ae1983460>>)
[21.456s] Level 1:colcon.colcon_core.package_discovery:discover_packages(colcon_meta) check parameters
[21.457s] Level 1:colcon.colcon_core.package_discovery:discover_packages(recursive) check parameters
[21.457s] Level 1:colcon.colcon_core.package_discovery:discover_packages(ignore) check parameters
[21.457s] Level 1:colcon.colcon_core.package_discovery:discover_packages(path) check parameters
[21.457s] Level 1:colcon.colcon_core.package_discovery:discover_packages(recursive) discover
[21.457s] INFO:colcon.colcon_core.package_discovery:Crawling recursively for packages in '/home/thatguyrick/turtlews'
[21.457s] Level 1:colcon.colcon_core.package_identification:_identify(/home/thatguyrick/turtlews) by extensions ['ignore', 'ignore_ament_install']
[21.457s] Level 1:colcon.colcon_core.package_identification:_identify(/home/thatguyrick/turtlews) by extension 'ignore'
[21.457s] Level 1:colcon.colcon_core.package_identification:_identify(/home/thatguyrick/turtlews) by extension 'ignore_ament_install'
[21.457s] Level 1:colcon.colcon_core.package_identification:_identify(/home/thatguyrick/turtlews) by extensions ['colcon_pkg']
[21.457s] Level 1:colcon.colcon_core.package_identification:_identify(/home/thatguyrick/turtlews) by extension 'colcon_pkg'
[21.457s] Level 1:colcon.colcon_core.package_identification:_identify(/home/thatguyrick/turtlews) by extensions ['colcon_meta']
[21.457s] Level 1:colcon.colcon_core.package_identification:_identify(/home/thatguyrick/turtlews) by extension 'colcon_meta'
[21.458s] Level 1:colcon.colcon_core.package_identification:_identify(/home/thatguyrick/turtlews) by extensions ['ros']
[21.458s] Level 1:colcon.colcon_core.package_identification:_identify(/home/thatguyrick/turtlews) by extension 'ros'
[21.577s] Level 1:colcon.colcon_core.package_identification:_identify(/home/thatguyrick/turtlews) by extensions ['cmake', 'python']
[21.577s] Level 1:colcon.colcon_core.package_identification:_identify(/home/thatguyrick/turtlews) by extension 'cmake'
[21.578s] Level 1:colcon.colcon_core.package_identification:_identify(/home/thatguyrick/turtlews) by extension 'python'
[21.578s] Level 1:colcon.colcon_core.package_identification:_identify(/home/thatguyrick/turtlews) by extensions ['python_setup_py']
[21.578s] Level 1:colcon.colcon_core.package_identification:_identify(/home/thatguyrick/turtlews) by extension 'python_setup_py'
[21.578s] Level 1:colcon.colcon_core.package_identification:_identify(/home/thatguyrick/turtlews/log) by extensions ['ignore', 'ignore_ament_install']
[21.578s] Level 1:colcon.colcon_core.package_identification:_identify(/home/thatguyrick/turtlews/log) by extension 'ignore'
[21.578s] Level 1:colcon.colcon_core.package_identification:_identify(/home/thatguyrick/turtlews/log) ignored
[21.578s] Level 1:colcon.colcon_core.package_identification:_identify(/home/thatguyrick/turtlews/src) by extensions ['ignore', 'ignore_ament_install']
[21.578s] Level 1:colcon.colcon_core.package_identification:_identify(/home/thatguyrick/turtlews/src) by extension 'ignore'
[21.578s] Level 1:colcon.colcon_core.package_identification:_identify(/home/thatguyrick/turtlews/src) by extension 'ignore_ament_install'
[21.579s] Level 1:colcon.colcon_core.package_identification:_identify(/home/thatguyrick/turtlews/src) by extensions ['colcon_pkg']
[21.579s] Level 1:colcon.colcon_core.package_identification:_identify(/home/thatguyrick/turtlews/src) by extension 'colcon_pkg'
[21.579s] Level 1:colcon.colcon_core.package_identification:_identify(/home/thatguyrick/turtlews/src) by extensions ['colcon_meta']
[21.579s] Level 1:colcon.colcon_core.package_identification:_identify(/home/thatguyrick/turtlews/src) by extension 'colcon_meta'
[21.579s] Level 1:colcon.colcon_core.package_identification:_identify(/home/thatguyrick/turtlews/src) by extensions ['ros']
[21.579s] Level 1:colcon.colcon_core.package_identification:_identify(/home/thatguyrick/turtlews/src) by extension 'ros'
[21.579s] Level 1:colcon.colcon_core.package_identification:_identify(/home/thatguyrick/turtlews/src) by extensions ['cmake', 'python']
[21.579s] Level 1:colcon.colcon_core.package_identification:_identify(/home/thatguyrick/turtlews/src) by extension 'cmake'
[21.659s] Level 1:colcon.colcon_core.package_identification:_identify(/home/thatguyrick/turtlews/src) by extension 'python'
[21.659s] Level 1:colcon.colcon_core.package_identification:_identify(/home/thatguyrick/turtlews/src) by extensions ['python_setup_py']
[21.659s] Level 1:colcon.colcon_core.package_identification:_identify(/home/thatguyrick/turtlews/src) by extension 'python_setup_py'
[21.659s] Level 1:colcon.colcon_core.package_identification:_identify(/home/thatguyrick/turtlews/src/moveTurtle) by extensions ['ignore', 'ignore_ament_install']
[21.659s] Level 1:colcon.colcon_core.package_identification:_identify(/home/thatguyrick/turtlews/src/moveTurtle) by extension 'ignore'
[21.659s] Level 1:colcon.colcon_core.package_identification:_identify(/home/thatguyrick/turtlews/src/moveTurtle) by extension 'ignore_ament_install'
[21.660s] Level 1:colcon.colcon_core.package_identification:_identify(/home/thatguyrick/turtlews/src/moveTurtle) by extensions ['colcon_pkg']
[21.660s] Level 1:colcon.colcon_core.package_identification:_identify(/home/thatguyrick/turtlews/src/moveTurtle) by extension 'colcon_pkg'
[21.660s] Level 1:colcon.colcon_core.package_identification:_identify(/home/thatguyrick/turtlews/src/moveTurtle) by extensions ['colcon_meta']
[21.660s] Level 1:colcon.colcon_core.package_identification:_identify(/home/thatguyrick/turtlews/src/moveTurtle) by extension 'colcon_meta'
[21.660s] Level 1:colcon.colcon_core.package_identification:_identify(/home/thatguyrick/turtlews/src/moveTurtle) by extensions ['ros']
[21.660s] Level 1:colcon.colcon_core.package_identification:_identify(/home/thatguyrick/turtlews/src/moveTurtle) by extension 'ros'
[21.669s] DEBUG:colcon.colcon_core.package_identification:Package '/home/thatguyrick/turtlews/src/moveTurtle' with type 'ros.ament_python' and name 'moveTurtle'
[21.669s] Level 1:colcon.colcon_core.package_discovery:discover_packages(recursive) using defaults
