[0.325s] Invoking command in '/home/thatguyrick/turtlews/build/trace_interfaces': CMAKE_PREFIX_PATH=/opt/ros/humble /usr/bin/cmake /home/thatguyrick/turtlews/src/trace_interfaces -DCMAKE_INSTALL_PREFIX=/home/thatguyrick/turtlews/install/trace_interfaces
[1.175s] -- The C compiler identification is GNU 11.4.0
[1.712s] -- The CXX compiler identification is GNU 11.4.0
[1.761s] -- Detecting C compiler ABI info
[2.164s] -- Detecting C compiler ABI info - done
[2.213s] -- Check for working C compiler: /usr/bin/cc - skipped
[2.218s] -- Detecting C compile features
[2.221s] -- Detecting C compile features - done
[2.236s] -- Detecting CXX compiler ABI info
[2.765s] -- Detecting CXX compiler ABI info - done
[2.821s] -- Check for working CXX compiler: /usr/bin/c++ - skipped
[2.823s] -- Detecting CXX compile features
[2.831s] -- Detecting CXX compile features - done
[2.881s] -- Found ament_cmake: 1.3.8 (/opt/ros/humble/share/ament_cmake/cmake)
[3.877s] -- Found Python3: /usr/bin/python3 (found version "3.10.12") found components: Interpreter 
[4.345s] -- Found ament_lint_auto: 0.12.10 (/opt/ros/humble/share/ament_lint_auto/cmake)
[5.259s] -- Added test 'lint_cmake' to check CMake code style
[5.267s] -- Added test 'xmllint' to check XML markup files
[5.303s] -- Configuring done
[5.428s] -- Generating done
[5.429s] -- Build files have been written to: /home/thatguyrick/turtlews/build/trace_interfaces
[5.429s] Invoked command in '/home/thatguyrick/turtlews/build/trace_interfaces' returned '0': CMAKE_PREFIX_PATH=/opt/ros/humble /usr/bin/cmake /home/thatguyrick/turtlews/src/trace_interfaces -DCMAKE_INSTALL_PREFIX=/home/thatguyrick/turtlews/install/trace_interfaces
[5.434s] Invoking command in '/home/thatguyrick/turtlews/build/trace_interfaces': CMAKE_PREFIX_PATH=/opt/ros/humble /usr/bin/cmake --build /home/thatguyrick/turtlews/build/trace_interfaces -- -j1 -l1
[5.612s] Invoked command in '/home/thatguyrick/turtlews/build/trace_interfaces' returned '0': CMAKE_PREFIX_PATH=/opt/ros/humble /usr/bin/cmake --build /home/thatguyrick/turtlews/build/trace_interfaces -- -j1 -l1
[5.788s] Invoking command in '/home/thatguyrick/turtlews/build/trace_interfaces': CMAKE_PREFIX_PATH=/opt/ros/humble /usr/bin/cmake --install /home/thatguyrick/turtlews/build/trace_interfaces
[5.819s] -- Install configuration: ""
[5.819s] -- Installing: /home/thatguyrick/turtlews/install/trace_interfaces/share/ament_index/resource_index/package_run_dependencies/trace_interfaces
[5.820s] -- Installing: /home/thatguyrick/turtlews/install/trace_interfaces/share/ament_index/resource_index/parent_prefix_path/trace_interfaces
[5.821s] -- Installing: /home/thatguyrick/turtlews/install/trace_interfaces/share/trace_interfaces/environment/ament_prefix_path.sh
[5.821s] -- Installing: /home/thatguyrick/turtlews/install/trace_interfaces/share/trace_interfaces/environment/ament_prefix_path.dsv
[5.822s] -- Installing: /home/thatguyrick/turtlews/install/trace_interfaces/share/trace_interfaces/environment/path.sh
[5.822s] -- Installing: /home/thatguyrick/turtlews/install/trace_interfaces/share/trace_interfaces/environment/path.dsv
[5.823s] -- Installing: /home/thatguyrick/turtlews/install/trace_interfaces/share/trace_interfaces/local_setup.bash
[5.823s] -- Installing: /home/thatguyrick/turtlews/install/trace_interfaces/share/trace_interfaces/local_setup.sh
[5.824s] -- Installing: /home/thatguyrick/turtlews/install/trace_interfaces/share/trace_interfaces/local_setup.zsh
[5.827s] -- Installing: /home/thatguyrick/turtlews/install/trace_interfaces/share/trace_interfaces/local_setup.dsv
[5.828s] -- Installing: /home/thatguyrick/turtlews/install/trace_interfaces/share/trace_interfaces/package.dsv
[5.828s] -- Installing: /home/thatguyrick/turtlews/install/trace_interfaces/share/ament_index/resource_index/packages/trace_interfaces
[5.829s] -- Installing: /home/thatguyrick/turtlews/install/trace_interfaces/share/trace_interfaces/cmake/trace_interfacesConfig.cmake
[5.830s] -- Installing: /home/thatguyrick/turtlews/install/trace_interfaces/share/trace_interfaces/cmake/trace_interfacesConfig-version.cmake
[5.830s] -- Installing: /home/thatguyrick/turtlews/install/trace_interfaces/share/trace_interfaces/package.xml
[5.870s] Invoked command in '/home/thatguyrick/turtlews/build/trace_interfaces' returned '0': CMAKE_PREFIX_PATH=/opt/ros/humble /usr/bin/cmake --install /home/thatguyrick/turtlews/build/trace_interfaces
